DEPRECATION WARNING: config.action_view.debug_rjs will be removed in 3.1, from 3.1 onwards you will need to install prototype-rails to continue to use RJS templates . (called from handle at /Users/dannluciano/Library/Application Support/Pow/Versions/0.3.2/node_modules/nack/lib/nack/server.rb:146)


Started GET "/rails/info/properties" for 127.0.0.1 at 2011-08-19 16:52:33 -0300
  Processing by Rails::InfoController#properties as HTML
  [1m[36mSQL (0.5ms)[0m  [1m SELECT name
 FROM sqlite_master
 WHERE type = 'table' AND NOT name = 'sqlite_sequence'
[0m
Rendered inline template (0.5ms)
Completed 200 OK in 66ms (Views: 1.4ms | ActiveRecord: 0.5ms)
DEPRECATION WARNING: config.action_view.debug_rjs will be removed in 3.1, from 3.1 onwards you will need to install prototype-rails to continue to use RJS templates . (called from handle at /Users/dannluciano/Library/Application Support/Pow/Versions/0.3.2/node_modules/nack/lib/nack/server.rb:146)


Started GET "/rails/info/properties" for 127.0.0.1 at 2011-08-20 23:38:28 -0300
  Processing by Rails::InfoController#properties as HTML
  [1m[36mSQL (0.5ms)[0m  [1m SELECT name
 FROM sqlite_master
 WHERE type = 'table' AND NOT name = 'sqlite_sequence'
[0m
Rendered inline template (0.5ms)
Completed 200 OK in 21ms (Views: 1.5ms | ActiveRecord: 0.5ms)


Started GET "/rails/info/properties" for 127.0.0.1 at 2011-08-20 23:39:43 -0300
  Processing by Rails::InfoController#properties as HTML
Rendered inline template (0.4ms)
Completed 200 OK in 1ms (Views: 1.0ms | ActiveRecord: 0.0ms)


Started GET "/rails/info/properties" for 127.0.0.1 at 2011-08-20 23:39:44 -0300
  Processing by Rails::InfoController#properties as HTML
Rendered inline template (0.4ms)
Completed 200 OK in 1ms (Views: 0.9ms | ActiveRecord: 0.0ms)


Started GET "/" for 127.0.0.1 at 2011-08-20 23:40:51 -0300
  Processing by HomeController#index as HTML
Rendered home/index.html.erb within layouts/application (2.2ms)
Completed 200 OK in 9ms (Views: 8.8ms | ActiveRecord: 0.0ms)


Started GET "/" for 127.0.0.1 at 2011-08-20 23:40:53 -0300
  Processing by HomeController#index as HTML
Rendered home/index.html.erb within layouts/application (17.4ms)
Completed 200 OK in 22ms (Views: 22.0ms | ActiveRecord: 0.0ms)


Started GET "/" for 127.0.0.1 at 2011-08-20 23:40:54 -0300
  Processing by HomeController#index as HTML
Rendered home/index.html.erb within layouts/application (2.2ms)
Completed 200 OK in 7ms (Views: 6.5ms | ActiveRecord: 0.0ms)


Started GET "/" for 127.0.0.1 at 2011-08-20 23:42:29 -0300
  Processing by HomeController#index as HTML
Rendered home/index.html.erb within layouts/application (2.5ms)
Completed 200 OK in 14ms (Views: 13.8ms | ActiveRecord: 0.0ms)
